*** VICE Version 2.4 ***
OS compiled for: WIN64
GUI compiled for: NATIVE
CPU compiled for: X64
Compiler used: MSVC
Current OS: Unknown Windows version (2 6 2 10 1 256)
Current CPU: Intel Pentium Pro/II/III/Celeron/Core/Core 2/Atom
 
Welcome to x64sc, the free portable C64 Emulator.
 
Current VICE team members:
D. Lem, A. Matthies, M. Pottendorfer, S. Trikaliotis, M. van den Heuvel,
C. Vogelgsang, F. Gennari, D. Kahlin, A. Lankila, Groepaz, I. Korb,
E. Smith, O. Seibert, M. Sutton, U. Schulz, S. Haubenthal, T. Giesel,
K. Zsolt.
 
This is free software with ABSOLUTELY NO WARRANTY.
See the "About VICE" command for more info.
 
Loading system file `c:\c64\tools\vice\C64\kernal-906145-02.bin'.
C64MEM: Kernal rev #0.
C64MEM: Warning - Warning: Unknown Kernal image.  Sum: 53635 ($D183).
Loading system file `c:\c64\tools\vice\C64\basic'.
Loading system file `c:\c64\tools\vice\C64\chargen'.
Loading system file `c:\c64\tools\vice\PRINTER\mps803'.
Palette: Loading palette `c:\c64\tools\vice\PRINTER\mps803.vpl'.
Loading system file `c:\c64\tools\vice\PRINTER\nl10-cbm'.
Palette: Loading palette `c:\c64\tools\vice\PRINTER\mps803.vpl'.
NL10: Printer driver initialized.
Loading system file `c:\c64\tools\vice\C64\dos1541'.
Loading system file `c:\c64\tools\vice\DRIVES\d1541II'.
Loading system file `c:\c64\tools\vice\C64\dos1570'.
Loading system file `c:\c64\tools\vice\C64\dos1571'.
Loading system file `c:\c64\tools\vice\C64\dos1581'.
Loading system file `c:\c64\tools\vice\C64\dos2000'.
Loading system file `c:\c64\tools\vice\C64\dos4000'.
Loading system file `c:\c64\tools\vice\C64\dos2031'.
Loading system file `c:\c64\tools\vice\C64\dos2040'.
Loading system file `c:\c64\tools\vice\C64\dos3040'.
Loading system file `c:\c64\tools\vice\C64\dos4040'.
Loading system file `c:\c64\tools\vice\C64\dos1001'.
Drive: Finished loading ROM images.
VIC-II: Initializing chip model "MOS8565" (63 cycles per line, 312 raster lines).
VIC-II:                    BA    
VIC-II:  cycle  xpos vi M76543210   fetch    border gfx      sprite
VIC-II:  1 Phi1 $194 -- ----**--- SprPtr(3)  -      -        -       
VIC-II: -- Phi2 $198 -- ----**--- SprDma0(3) -      -        -       
VIC-II:  2 Phi1 $19c -- ---***--- SprDma1(3) -      -        -       
VIC-II: -- Phi2 $1a0 -- ---***--- SprDma2(3) -      -        -       
VIC-II:  3 Phi1 $1a4 -- ---**---- SprPtr(4)  -      -        -       
VIC-II: -- Phi2 $1a8 -- ---**---- SprDma0(4) -      -        -       
VIC-II:  4 Phi1 $1ac -- --***---- SprDma1(4) -      -        -       
VIC-II: -- Phi2 $1b0 -- --***---- SprDma2(4) -      -        -       
VIC-II:  5 Phi1 $1b4 -- --**----- SprPtr(5)  -      -        -       
VIC-II: -- Phi2 $1b8 -- --**----- SprDma0(5) -      -        -       
VIC-II:  6 Phi1 $1bc -- -***----- SprDma1(5) -      -        -       
VIC-II: -- Phi2 $1c0 -- -***----- SprDma2(5) -      -        -       
VIC-II:  7 Phi1 $1c4 -- -**------ SprPtr(6)  -      -        -       
VIC-II: -- Phi2 $1c8 -- -**------ SprDma0(6) -      -        -       
VIC-II:  8 Phi1 $1cc -- -**------ SprDma1(6) -      -        -       
VIC-II: -- Phi2 $1d0 -- -**------ SprDma2(6) -      -        -       
VIC-II:  9 Phi1 $1d4 -- -*------- SprPtr(7)  -      -        -       
VIC-II: -- Phi2 $1d8 -- -*------- SprDma0(7) -      -        -       
VIC-II: 10 Phi1 $1dc -- -*------- SprDma1(7) -      -        -       
VIC-II: -- Phi2 $1e0 -- -*------- SprDma2(7) -      -        -       
VIC-II: 11 Phi1 $1e4 -- --------- Refresh    -      -        -       
VIC-II: -- Phi2 $1e8 -- --------- -          -      -        -       
VIC-II: 12 Phi1 $1ec -- *-------- Refresh    -      -        -       
VIC-II: -- Phi2 $1f0 -- *-------- -          -      -        -       
VIC-II: 13 Phi1 $1f4 -- *-------- Refresh    -      -        -       
VIC-II: -- Phi2 $000 -- *-------- -          -      -        -       
VIC-II: 14 Phi1 $004 -- *-------- Refresh    -      -        -       
VIC-II: -- Phi2 $008 -- *-------- -          -      UpdateVc -       
VIC-II: 15 Phi1 $00c -- *-------- Refresh    -      -        -       
VIC-II: -- Phi2 $010 -- *-------- FetchC     -      -        ChkSprCrunch
VIC-II: 16 Phi1 $014 -- *-------- FetchG     -      -        -       
VIC-II: -- Phi2 $018  0 *-------- FetchC     -      -        UpdateMcBase
VIC-II: 17 Phi1 $01c  0 *-------- FetchG     -      -        -       
VIC-II: -- Phi2 $020  1 *-------- FetchC     ChkL1  -        -       
VIC-II: 18 Phi1 $024  1 *-------- FetchG     -      -        -       
VIC-II: -- Phi2 $028  2 *-------- FetchC     ChkL0  -        -       
VIC-II: 19 Phi1 $02c  2 *-------- FetchG     -      -        -       
VIC-II: -- Phi2 $030  3 *-------- FetchC     -      -        -       
VIC-II: 20 Phi1 $034  3 *-------- FetchG     -      -        -       
VIC-II: -- Phi2 $038  4 *-------- FetchC     -      -        -       
VIC-II: 21 Phi1 $03c  4 *-------- FetchG     -      -        -       
VIC-II: -- Phi2 $040  5 *-------- FetchC     -      -        -       
VIC-II: 22 Phi1 $044  5 *-------- FetchG     -      -        -       
VIC-II: -- Phi2 $048  6 *-------- FetchC     -      -        -       
VIC-II: 23 Phi1 $04c  6 *-------- FetchG     -      -        -       
VIC-II: -- Phi2 $050  7 *-------- FetchC     -      -        -       
VIC-II: 24 Phi1 $054  7 *-------- FetchG     -      -        -       
VIC-II: -- Phi2 $058  8 *-------- FetchC     -      -        -       
VIC-II: 25 Phi1 $05c  8 *-------- FetchG     -      -        -       
VIC-II: -- Phi2 $060  9 *-------- FetchC     -      -        -       
VIC-II: 26 Phi1 $064  9 *-------- FetchG     -      -        -       
VIC-II: -- Phi2 $068 10 *-------- FetchC     -      -        -       
VIC-II: 27 Phi1 $06c 10 *-------- FetchG     -      -        -       
VIC-II: -- Phi2 $070 11 *-------- FetchC     -      -        -       
VIC-II: 28 Phi1 $074 11 *-------- FetchG     -      -        -       
VIC-II: -- Phi2 $078 12 *-------- FetchC     -      -        -       
VIC-II: 29 Phi1 $07c 12 *-------- FetchG     -      -        -       
VIC-II: -- Phi2 $080 13 *-------- FetchC     -      -        -       
VIC-II: 30 Phi1 $084 13 *-------- FetchG     -      -        -       
VIC-II: -- Phi2 $088 14 *-------- FetchC     -      -        -       
VIC-II: 31 Phi1 $08c 14 *-------- FetchG     -      -        -       
VIC-II: -- Phi2 $090 15 *-------- FetchC     -      -        -       
VIC-II: 32 Phi1 $094 15 *-------- FetchG     -      -        -       
VIC-II: -- Phi2 $098 16 *-------- FetchC     -      -        -       
VIC-II: 33 Phi1 $09c 16 *-------- FetchG     -      -        -       
VIC-II: -- Phi2 $0a0 17 *-------- FetchC     -      -        -       
VIC-II: 34 Phi1 $0a4 17 *-------- FetchG     -      -        -       
VIC-II: -- Phi2 $0a8 18 *-------- FetchC     -      -        -       
VIC-II: 35 Phi1 $0ac 18 *-------- FetchG     -      -        -       
VIC-II: -- Phi2 $0b0 19 *-------- FetchC     -      -        -       
VIC-II: 36 Phi1 $0b4 19 *-------- FetchG     -      -        -       
VIC-II: -- Phi2 $0b8 20 *-------- FetchC     -      -        -       
VIC-II: 37 Phi1 $0bc 20 *-------- FetchG     -      -        -       
VIC-II: -- Phi2 $0c0 21 *-------- FetchC     -      -        -       
VIC-II: 38 Phi1 $0c4 21 *-------- FetchG     -      -        -       
VIC-II: -- Phi2 $0c8 22 *-------- FetchC     -      -        -       
VIC-II: 39 Phi1 $0cc 22 *-------- FetchG     -      -        -       
VIC-II: -- Phi2 $0d0 23 *-------- FetchC     -      -        -       
VIC-II: 40 Phi1 $0d4 23 *-------- FetchG     -      -        -       
VIC-II: -- Phi2 $0d8 24 *-------- FetchC     -      -        -       
VIC-II: 41 Phi1 $0dc 24 *-------- FetchG     -      -        -       
VIC-II: -- Phi2 $0e0 25 *-------- FetchC     -      -        -       
VIC-II: 42 Phi1 $0e4 25 *-------- FetchG     -      -        -       
VIC-II: -- Phi2 $0e8 26 *-------- FetchC     -      -        -       
VIC-II: 43 Phi1 $0ec 26 *-------- FetchG     -      -        -       
VIC-II: -- Phi2 $0f0 27 *-------- FetchC     -      -        -       
VIC-II: 44 Phi1 $0f4 27 *-------- FetchG     -      -        -       
VIC-II: -- Phi2 $0f8 28 *-------- FetchC     -      -        -       
VIC-II: 45 Phi1 $0fc 28 *-------- FetchG     -      -        -       
VIC-II: -- Phi2 $100 29 *-------- FetchC     -      -        -       
VIC-II: 46 Phi1 $104 29 *-------- FetchG     -      -        -       
VIC-II: -- Phi2 $108 30 *-------- FetchC     -      -        -       
VIC-II: 47 Phi1 $10c 30 *-------- FetchG     -      -        -       
VIC-II: -- Phi2 $110 31 *-------- FetchC     -      -        -       
VIC-II: 48 Phi1 $114 31 *-------- FetchG     -      -        -       
VIC-II: -- Phi2 $118 32 *-------- FetchC     -      -        -       
VIC-II: 49 Phi1 $11c 32 *-------- FetchG     -      -        -       
VIC-II: -- Phi2 $120 33 *-------- FetchC     -      -        -       
VIC-II: 50 Phi1 $124 33 *-------- FetchG     -      -        -       
VIC-II: -- Phi2 $128 34 *-------- FetchC     -      -        -       
VIC-II: 51 Phi1 $12c 34 *-------- FetchG     -      -        -       
VIC-II: -- Phi2 $130 35 *-------- FetchC     -      -        -       
VIC-II: 52 Phi1 $134 35 *-------- FetchG     -      -        -       
VIC-II: -- Phi2 $138 36 *-------- FetchC     -      -        -       
VIC-II: 53 Phi1 $13c 36 *-------- FetchG     -      -        -       
VIC-II: -- Phi2 $140 37 *-------- FetchC     -      -        -       
VIC-II: 54 Phi1 $144 37 *-------- FetchG     -      -        -       
VIC-II: -- Phi2 $148 38 *-------- FetchC     -      -        -       
VIC-II: 55 Phi1 $14c 38 --------* FetchG     -      -        ChkSprDma   
VIC-II: -- Phi2 $150 39 --------* -          -      -        -       
VIC-II: 56 Phi1 $154 39 --------* Idle       -      -        ChkSprDma   
VIC-II: -- Phi2 $158 -- --------* -          ChkR0  -        ChkSprExp   
VIC-II: 57 Phi1 $15c -- -------** Idle       -      -        -       
VIC-II: -- Phi2 $160 -- -------** -          ChkR1  -        -       
VIC-II: 58 Phi1 $164 -- -------** SprPtr(0)  -      -        ChkSprDisp  
VIC-II: -- Phi2 $168 -- -------** SprDma0(0) -      UpdateRc -       
VIC-II: 59 Phi1 $16c -- ------*** SprDma1(0) -      -        -       
VIC-II: -- Phi2 $170 -- ------*** SprDma2(0) -      -        -       
VIC-II: 60 Phi1 $174 -- ------**- SprPtr(1)  -      -        -       
VIC-II: -- Phi2 $178 -- ------**- SprDma0(1) -      -        -       
VIC-II: 61 Phi1 $17c -- -----***- SprDma1(1) -      -        -       
VIC-II: -- Phi2 $180 -- -----***- SprDma2(1) -      -        -       
VIC-II: 62 Phi1 $184 -- -----**-- SprPtr(2)  -      -        -       
VIC-II: -- Phi2 $188 -- -----**-- SprDma0(2) -      -        -       
VIC-II: 63 Phi1 $18c -- ----***-- SprDma1(2) -      -        -       
VIC-II: -- Phi2 $190 -- ----***-- SprDma2(2) -      -        -       
Palette: Loading palette `C:\c64\tools\vice\palletes\lemon64.vpl'.
video_dx9: Failed to prepare for rendering!
Sound: Available sound devices: dx wmm dummy fs dump wav voc iff aiff mp3 soundmovie
TFEARCH: LoadLibrary WPCAP.DLL failed!
Keyboard: Loading keymap `c:\c64\tools\vice\C64\win_pos.vkm'.
AUTOSTART: Autodetecting image type of `RiverBarrage.prg'.
Filesystem Image: Unknown disk image `RiverBarrage.prg'.
Tape: Error - Cannot open file `RiverBarrage.prg'
AUTOSTART: Loading PRG file `RiverBarrage.prg' with virtual FS on unit #8.
AUTOSTART: Resetting the machine to autostart 'ÒIVERÂARRAGE.PRG'
AUTOSTART: Turning Warp mode on
AUTOSTART: `RiverBarrage.prg' recognized as program/p00 file.
Main CPU: starting at ($FFFC).
Main CPU: RESET.
Sound: Opened device `wmm', speed 44100Hz, fragment size 46ms, buffer size 139ms, stereo
reSID: MOS8580, filter on, sampling rate 44100Hz - fast
AUTOSTART: Loading program 'ÒIVERÂARRAGE.PRG'
AUTOSTART: Starting program.
AUTOSTART: Done.
AUTOSTART: Turning Warp mode off
Writing configuration file `c:\c64\tools\vice\vice.ini'.

Exiting...
Sound: Closing device `wmm'
